[0921/090719.395:ERROR:process_memory_win.cc(73)] ReadMemory at 0x2aff658e3e0 of 72 bytes failed: Only part of a ReadProcessMemory or WriteProcessMemory request was completed. (0x12B)
[0921/090719.396:WARNING:pe_image_annotations_reader.cc(135)] could not read annotations list object in C:\Program Files (x86)\BraveSoftware\Brave-Browser\Application\85.1.14.81\chrome_elf.dll
[0921/090719.396:ERROR:process_memory_win.cc(73)] ReadMemory at 0x2aff665abd0 of 72 bytes failed: Only part of a ReadProcessMemory or WriteProcessMemory request was completed. (0x12B)
[0921/090719.396:WARNING:pe_image_annotations_reader.cc(135)] could not read annotations list object in C:\Program Files (x86)\BraveSoftware\Brave-Browser\Application\85.1.14.81\chrome.dll
[0921/090719.397:ERROR:process_memory_win.cc(73)] ReadMemory at 0x2aff6800000 of 64 bytes failed: Only part of a ReadProcessMemory or WriteProcessMemory request was completed. (0x12B)
[0921/090719.397:WARNING:pe_image_reader.cc(340)] could not read dos header from C:\WINDOWS\System32\OLEAUT32.dll
[0921/090719.403:ERROR:process_memory_win.cc(73)] ReadMemory at 0x2aff658e3e0 of 72 bytes failed: Only part of a ReadProcessMemory or WriteProcessMemory request was completed. (0x12B)
[0921/090719.403:WARNING:pe_image_annotations_reader.cc(135)] could not read annotations list object in C:\Program Files (x86)\BraveSoftware\Brave-Browser\Application\85.1.14.81\chrome_elf.dll
[0921/090719.403:ERROR:process_memory_win.cc(73)] ReadMemory at 0x2aff665abd0 of 72 bytes failed: Only part of a ReadProcessMemory or WriteProcessMemory request was completed. (0x12B)
[0921/090719.403:WARNING:pe_image_annotations_reader.cc(135)] could not read annotations list object in C:\Program Files (x86)\BraveSoftware\Brave-Browser\Application\85.1.14.81\chrome.dll
[0921/090719.403:ERROR:process_memory_win.cc(73)] ReadMemory at 0x2aff6800000 of 64 bytes failed: Only part of a ReadProcessMemory or WriteProcessMemory request was completed. (0x12B)
[0921/090719.403:WARNING:pe_image_reader.cc(340)] could not read dos header from C:\WINDOWS\System32\OLEAUT32.dll
[0921/090719.405:ERROR:process_memory_win.cc(73)] ReadMemory at 0x2aff658e3e0 of 72 bytes failed: Only part of a ReadProcessMemory or WriteProcessMemory request was completed. (0x12B)
[0921/090719.405:WARNING:pe_image_annotations_reader.cc(135)] could not read annotations list object in C:\Program Files (x86)\BraveSoftware\Brave-Browser\Application\85.1.14.81\chrome_elf.dll
[0921/090719.406:ERROR:process_memory_win.cc(73)] ReadMemory at 0x2aff665abd0 of 72 bytes failed: Only part of a ReadProcessMemory or WriteProcessMemory request was completed. (0x12B)
[0921/090719.406:WARNING:pe_image_annotations_reader.cc(135)] could not read annotations list object in C:\Program Files (x86)\BraveSoftware\Brave-Browser\Application\85.1.14.81\chrome.dll
[0921/090719.406:ERROR:process_memory_win.cc(73)] ReadMemory at 0x2aff6800000 of 64 bytes failed: Only part of a ReadProcessMemory or WriteProcessMemory request was completed. (0x12B)
[0921/090719.406:WARNING:pe_image_reader.cc(340)] could not read dos header from C:\WINDOWS\System32\OLEAUT32.dll
[0921/090719.424:ERROR:process_memory_win.cc(73)] ReadMemory at 0xf55ffec000 of 81920 bytes failed: Only part of a ReadProcessMemory or WriteProcessMemory request was completed. (0x12B)
[0921/090719.425:ERROR:process_memory_win.cc(73)] ReadMemory at 0xf5607fd000 of 12288 bytes failed: Only part of a ReadProcessMemory or WriteProcessMemory request was completed. (0x12B)
[0921/090719.425:ERROR:process_memory_win.cc(73)] ReadMemory at 0xf560ffc000 of 16384 bytes failed: Only part of a ReadProcessMemory or WriteProcessMemory request was completed. (0x12B)
[0921/090719.425:ERROR:process_memory_win.cc(73)] ReadMemory at 0xf5617fc000 of 16384 bytes failed: Only part of a ReadProcessMemory or WriteProcessMemory request was completed. (0x12B)
[0921/090719.425:ERROR:process_memory_win.cc(73)] ReadMemory at 0xf561ffc000 of 16384 bytes failed: Only part of a ReadProcessMemory or WriteProcessMemory request was completed. (0x12B)
[0921/090719.425:ERROR:process_memory_win.cc(73)] ReadMemory at 0xf5627fe000 of 8192 bytes failed: Only part of a ReadProcessMemory or WriteProcessMemory request was completed. (0x12B)
[0921/090719.426:ERROR:process_memory_win.cc(73)] ReadMemory at 0xf562ffd000 of 12288 bytes failed: Only part of a ReadProcessMemory or WriteProcessMemory request was completed. (0x12B)
[0921/090719.426:ERROR:process_memory_win.cc(73)] ReadMemory at 0xf5637fc000 of 16384 bytes failed: Only part of a ReadProcessMemory or WriteProcessMemory request was completed. (0x12B)
[0921/090719.426:ERROR:process_memory_win.cc(73)] ReadMemory at 0xf563ffd000 of 12288 bytes failed: Only part of a ReadProcessMemory or WriteProcessMemory request was completed. (0x12B)
[0921/090719.426:ERROR:process_memory_win.cc(73)] ReadMemory at 0xf5647fa000 of 24576 bytes failed: Only part of a ReadProcessMemory or WriteProcessMemory request was completed. (0x12B)
[0921/090719.426:ERROR:process_memory_win.cc(73)] ReadMemory at 0xf564ffc000 of 16384 bytes failed: Only part of a ReadProcessMemory or WriteProcessMemory request was completed. (0x12B)
[0921/090719.426:ERROR:process_memory_win.cc(73)] ReadMemory at 0xf5657fd000 of 12288 bytes failed: Only part of a ReadProcessMemory or WriteProcessMemory request was completed. (0x12B)
[0921/090719.427:ERROR:process_memory_win.cc(73)] ReadMemory at 0xf565ffd000 of 12288 bytes failed: Only part of a ReadProcessMemory or WriteProcessMemory request was completed. (0x12B)
[0921/090719.427:ERROR:process_memory_win.cc(73)] ReadMemory at 0xf5667fd000 of 12288 bytes failed: Only part of a ReadProcessMemory or WriteProcessMemory request was completed. (0x12B)
[0921/090719.427:ERROR:process_memory_win.cc(73)] ReadMemory at 0xf566ffd000 of 12288 bytes failed: Only part of a ReadProcessMemory or WriteProcessMemory request was completed. (0x12B)
[0921/090719.427:ERROR:process_memory_win.cc(73)] ReadMemory at 0xf55f600000 of 6024 bytes failed: Only part of a ReadProcessMemory or WriteProcessMemory request was completed. (0x12B)
[0921/090719.427:ERROR:process_memory_win.cc(73)] ReadMemory at 0xf55f602000 of 6024 bytes failed: Only part of a ReadProcessMemory or WriteProcessMemory request was completed. (0x12B)
[0921/090719.427:ERROR:process_memory_win.cc(73)] ReadMemory at 0xf55f7e5000 of 852 bytes failed: Only part of a ReadProcessMemory or WriteProcessMemory request was completed. (0x12B)
[0921/090719.427:ERROR:process_memory_win.cc(73)] ReadMemory at 0xf55f7e6000 of 6024 bytes failed: Only part of a ReadProcessMemory or WriteProcessMemory request was completed. (0x12B)
[0921/090719.427:ERROR:process_memory_win.cc(73)] ReadMemory at 0xf55f7e8000 of 6024 bytes failed: Only part of a ReadProcessMemory or WriteProcessMemory request was completed. (0x12B)
[0921/090719.427:ERROR:process_memory_win.cc(73)] ReadMemory at 0xf55f7ea000 of 6024 bytes failed: Only part of a ReadProcessMemory or WriteProcessMemory request was completed. (0x12B)
[0921/090719.428:ERROR:process_memory_win.cc(73)] ReadMemory at 0xf55f7ec000 of 6024 bytes failed: Only part of a ReadProcessMemory or WriteProcessMemory request was completed. (0x12B)
[0921/090719.428:ERROR:process_memory_win.cc(73)] ReadMemory at 0xf55f7ee000 of 6024 bytes failed: Only part of a ReadProcessMemory or WriteProcessMemory request was completed. (0x12B)
[0921/090719.428:ERROR:process_memory_win.cc(73)] ReadMemory at 0xf55f7f0000 of 6024 bytes failed: Only part of a ReadProcessMemory or WriteProcessMemory request was completed. (0x12B)
[0921/090719.428:ERROR:process_memory_win.cc(73)] ReadMemory at 0xf55f7f2000 of 6024 bytes failed: Only part of a ReadProcessMemory or WriteProcessMemory request was completed. (0x12B)
[0921/090719.428:ERROR:process_memory_win.cc(73)] ReadMemory at 0xf55f7f4000 of 6024 bytes failed: Only part of a ReadProcessMemory or WriteProcessMemory request was completed. (0x12B)
[0921/090719.428:ERROR:process_memory_win.cc(73)] ReadMemory at 0xf55f7f6000 of 6024 bytes failed: Only part of a ReadProcessMemory or WriteProcessMemory request was completed. (0x12B)
[0921/090719.428:ERROR:process_memory_win.cc(73)] ReadMemory at 0xf55f7f8000 of 6024 bytes failed: Only part of a ReadProcessMemory or WriteProcessMemory request was completed. (0x12B)
[0921/090719.428:ERROR:process_memory_win.cc(73)] ReadMemory at 0xf55f7fa000 of 6024 bytes failed: Only part of a ReadProcessMemory or WriteProcessMemory request was completed. (0x12B)
[0921/090719.428:ERROR:process_memory_win.cc(73)] ReadMemory at 0xf55f7fc000 of 6024 bytes failed: Only part of a ReadProcessMemory or WriteProcessMemory request was completed. (0x12B)
[0921/090719.429:ERROR:process_memory_win.cc(73)] ReadMemory at 0xf55f7fe000 of 6024 bytes failed: Only part of a ReadProcessMemory or WriteProcessMemory request was completed. (0x12B)
[0921/090719.429:ERROR:process_memory_win.cc(73)] ReadMemory at 0x2aff6550f40 of 512 bytes failed: Only part of a ReadProcessMemory or WriteProcessMemory request was completed. (0x12B)
[0921/090719.429:ERROR:process_memory_win.cc(73)] ReadMemory at 0x2aff6582020 of 1012 bytes failed: Only part of a ReadProcessMemory or WriteProcessMemory request was completed. (0x12B)
[0921/090719.430:ERROR:process_memory_win.cc(73)] ReadMemory at 0x2aff6582668 of 144 bytes failed: Only part of a ReadProcessMemory or WriteProcessMemory request was completed. (0x12B)
[0921/090719.430:ERROR:process_memory_win.cc(73)] ReadMemory at 0x2aff65826fa of 2202 bytes failed: Only part of a ReadProcessMemory or WriteProcessMemory request was completed. (0x12B)
[0921/090719.430:ERROR:process_memory_win.cc(73)] ReadMemory at 0x2aff6582f96 of 144 bytes failed: Only part of a ReadProcessMemory or WriteProcessMemory request was completed. (0x12B)
[0921/090719.430:ERROR:process_memory_win.cc(73)] ReadMemory at 0x2aff6583028 of 100 bytes failed: Only part of a ReadProcessMemory or WriteProcessMemory request was completed. (0x12B)
[0921/090719.430:ERROR:process_memory_win.cc(73)] ReadMemory at 0x2aff65830a0 of 58 bytes failed: Only part of a ReadProcessMemory or WriteProcessMemory request was completed. (0x12B)
[0921/090719.430:ERROR:process_memory_win.cc(73)] ReadMemory at 0x2aff65831a0 of 132 bytes failed: Only part of a ReadProcessMemory or WriteProcessMemory request was completed. (0x12B)
[0921/090719.430:ERROR:process_memory_win.cc(73)] ReadMemory at 0x2aff6583330 of 132 bytes failed: Only part of a ReadProcessMemory or WriteProcessMemory request was completed. (0x12B)
[0921/090719.430:ERROR:process_memory_win.cc(73)] ReadMemory at 0x2aff65834f0 of 148 bytes failed: Only part of a ReadProcessMemory or WriteProcessMemory request was completed. (0x12B)
[0921/090719.430:ERROR:process_memory_win.cc(73)] ReadMemory at 0x2aff65838d0 of 132 bytes failed: Only part of a ReadProcessMemory or WriteProcessMemory request was completed. (0x12B)
[0921/090719.430:ERROR:process_memory_win.cc(73)] ReadMemory at 0x2aff6583a60 of 64 bytes failed: Only part of a ReadProcessMemory or WriteProcessMemory request was completed. (0x12B)
[0921/090719.430:ERROR:process_memory_win.cc(73)] ReadMemory at 0x2aff6583c30 of 132 bytes failed: Only part of a ReadProcessMemory or WriteProcessMemory request was completed. (0x12B)
[0921/090719.431:ERROR:process_memory_win.cc(73)] ReadMemory at 0x2aff6583ee0 of 132 bytes failed: Only part of a ReadProcessMemory or WriteProcessMemory request was completed. (0x12B)
[0921/090719.431:ERROR:process_memory_win.cc(73)] ReadMemory at 0x2aff6584070 of 68 bytes failed: Only part of a ReadProcessMemory or WriteProcessMemory request was completed. (0x12B)
[0921/090719.431:ERROR:process_memory_win.cc(73)] ReadMemory at 0x2aff6585410 of 132 bytes failed: Only part of a ReadProcessMemory or WriteProcessMemory request was completed. (0x12B)
[0921/090719.431:ERROR:process_memory_win.cc(73)] ReadMemory at 0x2aff6585540 of 176 bytes failed: Only part of a ReadProcessMemory or WriteProcessMemory request was completed. (0x12B)
[0921/090719.431:ERROR:process_memory_win.cc(73)] ReadMemory at 0x2aff65863b0 of 62 bytes failed: Only part of a ReadProcessMemory or WriteProcessMemory request was completed. (0x12B)
[0921/090719.431:ERROR:process_memory_win.cc(73)] ReadMemory at 0x2aff65865a0 of 60 bytes failed: Only part of a ReadProcessMemory or WriteProcessMemory request was completed. (0x12B)
[0921/090719.431:ERROR:process_memory_win.cc(73)] ReadMemory at 0x2aff6586b10 of 132 bytes failed: Only part of a ReadProcessMemory or WriteProcessMemory request was completed. (0x12B)
[0921/090719.431:ERROR:process_memory_win.cc(73)] ReadMemory at 0x2aff658e4d0 of 62 bytes failed: Only part of a ReadProcessMemory or WriteProcessMemory request was completed. (0x12B)
[0921/090719.431:ERROR:process_memory_win.cc(73)] ReadMemory at 0x2aff658e610 of 64 bytes failed: Only part of a ReadProcessMemory or WriteProcessMemory request was completed. (0x12B)
[0921/090719.431:ERROR:process_memory_win.cc(73)] ReadMemory at 0x2aff658e660 of 60 bytes failed: Only part of a ReadProcessMemory or WriteProcessMemory request was completed. (0x12B)
[0921/090719.432:ERROR:process_memory_win.cc(73)] ReadMemory at 0x2aff6593ab0 of 80 bytes failed: Only part of a ReadProcessMemory or WriteProcessMemory request was completed. (0x12B)
[0921/090719.432:ERROR:process_memory_win.cc(73)] ReadMemory at 0x2aff6594f00 of 132 bytes failed: Only part of a ReadProcessMemory or WriteProcessMemory request was completed. (0x12B)
[0921/090719.432:ERROR:process_memory_win.cc(73)] ReadMemory at 0x2aff6595120 of 132 bytes failed: Only part of a ReadProcessMemory or WriteProcessMemory request was completed. (0x12B)
[0921/090719.432:ERROR:process_memory_win.cc(73)] ReadMemory at 0x2aff6595e30 of 132 bytes failed: Only part of a ReadProcessMemory or WriteProcessMemory request was completed. (0x12B)
[0921/090719.432:ERROR:process_memory_win.cc(73)] ReadMemory at 0x2aff6596090 of 132 bytes failed: Only part of a ReadProcessMemory or WriteProcessMemory request was completed. (0x12B)
[0921/090719.432:ERROR:process_memory_win.cc(73)] ReadMemory at 0x2aff65961c0 of 132 bytes failed: Only part of a ReadProcessMemory or WriteProcessMemory request was completed. (0x12B)
[0921/090719.432:ERROR:process_memory_win.cc(73)] ReadMemory at 0x2aff65962f0 of 132 bytes failed: Only part of a ReadProcessMemory or WriteProcessMemory request was completed. (0x12B)
[0921/090719.433:ERROR:process_memory_win.cc(73)] ReadMemory at 0x2aff6596420 of 132 bytes failed: Only part of a ReadProcessMemory or WriteProcessMemory request was completed. (0x12B)
[0921/090719.433:ERROR:process_memory_win.cc(73)] ReadMemory at 0x2aff6596550 of 132 bytes failed: Only part of a ReadProcessMemory or WriteProcessMemory request was completed. (0x12B)
[0921/090719.433:ERROR:process_memory_win.cc(73)] ReadMemory at 0x2aff6596680 of 132 bytes failed: Only part of a ReadProcessMemory or WriteProcessMemory request was completed. (0x12B)
[0921/090719.433:ERROR:process_memory_win.cc(73)] ReadMemory at 0x2aff65967b0 of 132 bytes failed: Only part of a ReadProcessMemory or WriteProcessMemory request was completed. (0x12B)
[0921/090719.433:ERROR:process_memory_win.cc(73)] ReadMemory at 0x2aff65968e0 of 132 bytes failed: Only part of a ReadProcessMemory or WriteProcessMemory request was completed. (0x12B)
[0921/090719.433:ERROR:process_memory_win.cc(73)] ReadMemory at 0x2aff6596a10 of 132 bytes failed: Only part of a ReadProcessMemory or WriteProcessMemory request was completed. (0x12B)
[0921/090719.433:ERROR:process_memory_win.cc(73)] ReadMemory at 0x2aff6596b40 of 132 bytes failed: Only part of a ReadProcessMemory or WriteProcessMemory request was completed. (0x12B)
[0921/090719.433:ERROR:process_memory_win.cc(73)] ReadMemory at 0x2aff6596c70 of 132 bytes failed: Only part of a ReadProcessMemory or WriteProcessMemory request was completed. (0x12B)
[0921/090719.434:ERROR:process_memory_win.cc(73)] ReadMemory at 0x2aff6596da0 of 132 bytes failed: Only part of a ReadProcessMemory or WriteProcessMemory request was completed. (0x12B)
[0921/090719.434:ERROR:process_memory_win.cc(73)] ReadMemory at 0x2aff6596ed0 of 132 bytes failed: Only part of a ReadProcessMemory or WriteProcessMemory request was completed. (0x12B)
[0921/090719.434:ERROR:process_memory_win.cc(73)] ReadMemory at 0x2aff6598ea0 of 132 bytes failed: Only part of a ReadProcessMemory or WriteProcessMemory request was completed. (0x12B)
[0921/090719.434:ERROR:process_memory_win.cc(73)] ReadMemory at 0x2aff6598fd0 of 168 bytes failed: Only part of a ReadProcessMemory or WriteProcessMemory request was completed. (0x12B)
[0921/090719.434:ERROR:process_memory_win.cc(73)] ReadMemory at 0x2aff6599150 of 132 bytes failed: Only part of a ReadProcessMemory or WriteProcessMemory request was completed. (0x12B)
[0921/090719.434:ERROR:process_memory_win.cc(73)] ReadMemory at 0x2aff659a680 of 132 bytes failed: Only part of a ReadProcessMemory or WriteProcessMemory request was completed. (0x12B)
[0921/090719.434:ERROR:process_memory_win.cc(73)] ReadMemory at 0x2aff659ab80 of 132 bytes failed: Only part of a ReadProcessMemory or WriteProcessMemory request was completed. (0x12B)
[0921/090719.434:ERROR:process_memory_win.cc(73)] ReadMemory at 0x2aff659c370 of 132 bytes failed: Only part of a ReadProcessMemory or WriteProcessMemory request was completed. (0x12B)
[0921/090719.434:ERROR:process_memory_win.cc(73)] ReadMemory at 0x2aff659c4a0 of 132 bytes failed: Only part of a ReadProcessMemory or WriteProcessMemory request was completed. (0x12B)
[0921/090719.434:ERROR:process_memory_win.cc(73)] ReadMemory at 0x2aff659e8f0 of 80 bytes failed: Only part of a ReadProcessMemory or WriteProcessMemory request was completed. (0x12B)
[0921/090719.434:ERROR:process_memory_win.cc(73)] ReadMemory at 0x2aff659fa90 of 60 bytes failed: Only part of a ReadProcessMemory or WriteProcessMemory request was completed. (0x12B)
[0921/090719.435:ERROR:process_memory_win.cc(73)] ReadMemory at 0x2aff659fb30 of 62 bytes failed: Only part of a ReadProcessMemory or WriteProcessMemory request was completed. (0x12B)
[0921/090719.435:ERROR:process_memory_win.cc(73)] ReadMemory at 0x2aff659fb80 of 60 bytes failed: Only part of a ReadProcessMemory or WriteProcessMemory request was completed. (0x12B)
[0921/090719.435:ERROR:process_memory_win.cc(73)] ReadMemory at 0x2aff659fc20 of 62 bytes failed: Only part of a ReadProcessMemory or WriteProcessMemory request was completed. (0x12B)
[0921/090719.435:ERROR:process_memory_win.cc(73)] ReadMemory at 0x2aff659fc70 of 64 bytes failed: Only part of a ReadProcessMemory or WriteProcessMemory request was completed. (0x12B)
[0921/090719.435:ERROR:process_memory_win.cc(73)] ReadMemory at 0x2aff659fe50 of 62 bytes failed: Only part of a ReadProcessMemory or WriteProcessMemory request was completed. (0x12B)
[0921/090719.435:ERROR:process_memory_win.cc(73)] ReadMemory at 0x2aff659fef0 of 64 bytes failed: Only part of a ReadProcessMemory or WriteProcessMemory request was completed. (0x12B)
[0921/090719.435:ERROR:process_memory_win.cc(73)] ReadMemory at 0x2aff659ff90 of 62 bytes failed: Only part of a ReadProcessMemory or WriteProcessMemory request was completed. (0x12B)
[0921/090719.435:ERROR:process_memory_win.cc(73)] ReadMemory at 0x2aff659ffe0 of 64 bytes failed: Only part of a ReadProcessMemory or WriteProcessMemory request was completed. (0x12B)
[0921/090719.435:ERROR:process_memory_win.cc(73)] ReadMemory at 0x2aff65a00d0 of 64 bytes failed: Only part of a ReadProcessMemory or WriteProcessMemory request was completed. (0x12B)
[0921/090719.435:ERROR:process_memory_win.cc(73)] ReadMemory at 0x2aff65a0300 of 62 bytes failed: Only part of a ReadProcessMemory or WriteProcessMemory request was completed. (0x12B)
[0921/090719.436:ERROR:process_memory_win.cc(73)] ReadMemory at 0x2aff65a0350 of 64 bytes failed: Only part of a ReadProcessMemory or WriteProcessMemory request was completed. (0x12B)
[0921/090719.436:ERROR:process_memory_win.cc(73)] ReadMemory at 0x2aff65a03a0 of 66 bytes failed: Only part of a ReadProcessMemory or WriteProcessMemory request was completed. (0x12B)
[0921/090719.436:ERROR:process_memory_win.cc(73)] ReadMemory at 0x2aff65a0490 of 58 bytes failed: Only part of a ReadProcessMemory or WriteProcessMemory request was completed. (0x12B)
[0921/090719.436:ERROR:process_memory_win.cc(73)] ReadMemory at 0x2aff65a0530 of 62 bytes failed: Only part of a ReadProcessMemory or WriteProcessMemory request was completed. (0x12B)
[0921/090719.436:ERROR:process_memory_win.cc(73)] ReadMemory at 0x2aff65a0670 of 64 bytes failed: Only part of a ReadProcessMemory or WriteProcessMemory request was completed. (0x12B)
[0921/090719.436:ERROR:process_memory_win.cc(73)] ReadMemory at 0x2aff65a07b0 of 60 bytes failed: Only part of a ReadProcessMemory or WriteProcessMemory request was completed. (0x12B)
[0921/090719.437:ERROR:process_memory_win.cc(73)] ReadMemory at 0x2aff65a08f0 of 62 bytes failed: Only part of a ReadProcessMemory or WriteProcessMemory request was completed. (0x12B)
[0921/090719.437:ERROR:process_memory_win.cc(73)] ReadMemory at 0x2aff65a09e0 of 62 bytes failed: Only part of a ReadProcessMemory or WriteProcessMemory request was completed. (0x12B)
[0921/090719.437:ERROR:process_memory_win.cc(73)] ReadMemory at 0x2aff65a3d90 of 132 bytes failed: Only part of a ReadProcessMemory or WriteProcessMemory request was completed. (0x12B)
[0921/090719.437:ERROR:process_memory_win.cc(73)] ReadMemory at 0x2aff65a3ff0 of 132 bytes failed: Only part of a ReadProcessMemory or WriteProcessMemory request was completed. (0x12B)
[0921/090719.437:ERROR:process_memory_win.cc(73)] ReadMemory at 0x2aff65a44b0 of 132 bytes failed: Only part of a ReadProcessMemory or WriteProcessMemory request was completed. (0x12B)
[0921/090719.437:ERROR:process_memory_win.cc(73)] ReadMemory at 0x2aff6674c50 of 512 bytes failed: Only part of a ReadProcessMemory or WriteProcessMemory request was completed. (0x12B)
[0921/090719.437:ERROR:process_memory_win.cc(73)] ReadMemory at 0x2aff66762f8 of 528 bytes failed: Only part of a ReadProcessMemory or WriteProcessMemory request was completed. (0x12B)
[0921/090719.437:ERROR:process_memory_win.cc(73)] ReadMemory at 0x2aff68da5d0 of 512 bytes failed: Only part of a ReadProcessMemory or WriteProcessMemory request was completed. (0x12B)
[0921/090719.438:ERROR:process_memory_win.cc(73)] ReadMemory at 0x2aff6923c40 of 512 bytes failed: Only part of a ReadProcessMemory or WriteProcessMemory request was completed. (0x12B)
[0921/090719.438:ERROR:process_memory_win.cc(73)] ReadMemory at 0x2aff6924340 of 712 bytes failed: Only part of a ReadProcessMemory or WriteProcessMemory request was completed. (0x12B)
[0921/090719.438:ERROR:process_memory_win.cc(73)] ReadMemory at 0x2aff6927e30 of 512 bytes failed: Only part of a ReadProcessMemory or WriteProcessMemory request was completed. (0x12B)
[0921/090719.438:ERROR:process_memory_win.cc(73)] ReadMemory at 0x2aff6963010 of 512 bytes failed: Only part of a ReadProcessMemory or WriteProcessMemory request was completed. (0x12B)
[0921/090719.438:ERROR:process_memory_win.cc(73)] ReadMemory at 0x2aff699b860 of 512 bytes failed: Only part of a ReadProcessMemory or WriteProcessMemory request was completed. (0x12B)
[0921/090719.438:ERROR:process_memory_win.cc(73)] ReadMemory at 0x2aff69a4db0 of 512 bytes failed: Only part of a ReadProcessMemory or WriteProcessMemory request was completed. (0x12B)
[0921/090719.438:ERROR:process_memory_win.cc(73)] ReadMemory at 0x2aff8ba3360 of 656 bytes failed: Only part of a ReadProcessMemory or WriteProcessMemory request was completed. (0x12B)
[0921/090719.438:ERROR:process_memory_win.cc(73)] ReadMemory at 0x2aff8c66ae0 of 512 bytes failed: Only part of a ReadProcessMemory or WriteProcessMemory request was completed. (0x12B)
[0921/090719.439:ERROR:process_memory_win.cc(73)] ReadMemory at 0x2aff8c971a0 of 512 bytes failed: Only part of a ReadProcessMemory or WriteProcessMemory request was completed. (0x12B)
[0921/090719.439:ERROR:process_memory_win.cc(73)] ReadMemory at 0x2aff8d88cd0 of 512 bytes failed: Only part of a ReadProcessMemory or WriteProcessMemory request was completed. (0x12B)
[0921/090719.439:ERROR:process_memory_win.cc(73)] ReadMemory at 0x2aff8e28d81 of 512 bytes failed: Only part of a ReadProcessMemory or WriteProcessMemory request was completed. (0x12B)
[0921/090719.439:ERROR:process_memory_win.cc(73)] ReadMemory at 0x2affacf0ef0 of 512 bytes failed: Only part of a ReadProcessMemory or WriteProcessMemory request was completed. (0x12B)
[0921/090719.439:ERROR:process_memory_win.cc(73)] ReadMemory at 0x65c30839ac49 of 512 bytes failed: Only part of a ReadProcessMemory or WriteProcessMemory request was completed. (0x12B)
[0921/090719.440:ERROR:process_memory_win.cc(73)] ReadMemory at 0x7ff8194e75eb of 512 bytes failed: Only part of a ReadProcessMemory or WriteProcessMemory request was completed. (0x12B)
[0921/090719.440:ERROR:process_memory_win.cc(73)] ReadMemory at 0x7ff81bc6c882 of 512 bytes failed: Only part of a ReadProcessMemory or WriteProcessMemory request was completed. (0x12B)
[0921/090719.440:ERROR:process_memory_win.cc(73)] ReadMemory at 0x7ff81c04356c of 512 bytes failed: Only part of a ReadProcessMemory or WriteProcessMemory request was completed. (0x12B)
[0921/090719.440:ERROR:process_memory_win.cc(73)] ReadMemory at 0x7ff87f5c3dc9 of 512 bytes failed: Only part of a ReadProcessMemory or WriteProcessMemory request was completed. (0x12B)
[0921/090719.440:ERROR:process_memory_win.cc(73)] ReadMemory at 0x7ff87f82c758 of 512 bytes failed: Only part of a ReadProcessMemory or WriteProcessMemory request was completed. (0x12B)
[0921/090719.440:ERROR:process_memory_win.cc(73)] ReadMemory at 0x7ff881d6bdc4 of 672 bytes failed: Only part of a ReadProcessMemory or WriteProcessMemory request was completed. (0x12B)
[0921/090719.440:ERROR:process_memory_win.cc(73)] ReadMemory at 0x7ff881d6c3c4 of 512 bytes failed: Only part of a ReadProcessMemory or WriteProcessMemory request was completed. (0x12B)
[0921/090719.440:ERROR:process_memory_win.cc(73)] ReadMemory at 0x7ff881d6f734 of 608 bytes failed: Only part of a ReadProcessMemory or WriteProcessMemory request was completed. (0x12B)
[0921/090719.440:ERROR:process_memory_win.cc(73)] ReadMemory at 0x7ff881e006e0 of 18 bytes failed: Only part of a ReadProcessMemory or WriteProcessMemory request was completed. (0x12B)
[0921/090719.440:ERROR:process_memory_win.cc(73)] ReadMemory at 0x7ff881e344f8 of 40 bytes failed: Only part of a ReadProcessMemory or WriteProcessMemory request was completed. (0x12B)
[0921/090719.440:ERROR:process_memory_win.cc(73)] ReadMemory at 0x7ff881e34978 of 48 bytes failed: Only part of a ReadProcessMemory or WriteProcessMemory request was completed. (0x12B)
[0921/090719.440:ERROR:process_memory_win.cc(73)] ReadMemory at 0x7ff881e3a4c0 of 64 bytes failed: Only part of a ReadProcessMemory or WriteProcessMemory request was completed. (0x12B)
[0921/090719.442:ERROR:scoped_process_suspend.cc(40)] NtResumeProcess: An attempt was made to access an exiting process. (0xc000010a)
